<?xml version="1.0" encoding="UTF-8"?>
<testng-results ignored="0" total="1" passed="1" failed="0" skipped="0">
  <reporter-output>
  </reporter-output>
  <suite started-at="2018-08-29T16:59:12Z" name="Default suite" finished-at="2018-08-29T17:00:02Z" duration-ms="49133">
    <groups>
    </groups>
    <test started-at="2018-08-29T16:59:12Z" name="Default test" finished-at="2018-08-29T17:00:02Z" duration-ms="49133">
      <class name="Scriptsexecutions.Addadress">
        <test-method is-config="true" signature="openapp()[pri:0, instance:Scriptsexecutions.Addadress@3f6f6701]" started-at="2018-08-29T16:59:13Z" name="openapp" finished-at="2018-08-29T16:59:31Z" duration-ms="18101" status="PASS">
          <reporter-output>
          </reporter-output>
        </test-method> <!-- openapp -->
        <test-method signature="addadres()[pri:0, instance:Scriptsexecutions.Addadress@3f6f6701]" started-at="2018-08-29T16:59:31Z" name="addadres" finished-at="2018-08-29T16:59:55Z" duration-ms="24230" status="PASS">
          <reporter-output>
          </reporter-output>
        </test-method> <!-- addadres -->
        <test-method is-config="true" signature="closeapp(org.testng.ITestResult)[pri:0, instance:Scriptsexecutions.Addadress@3f6f6701]" started-at="2018-08-29T16:59:55Z" name="closeapp" finished-at="2018-08-29T17:00:02Z" duration-ms="6765" status="PASS">
          <params>
            <param index="0">
              <value>
                <![CDATA[[TestResult name=addadres status=SUCCESS method=Addadress.addadres()[pri:0, instance:Scriptsexecutions.Addadress@3f6f6701] output={null}]]]>
              </value>
            </param>
          </params>
          <reporter-output>
          </reporter-output>
        </test-method> <!-- closeapp -->
      </class> <!-- Scriptsexecutions.Addadress -->
    </test> <!-- Default test -->
  </suite> <!-- Default suite -->
</testng-results>
